<?xml version="1.0" encoding="UTF-8"?>
<!-- Generated by org.testng.reporters.JUnitXMLReporter -->
<testsuite ignored="2" hostname="Aparna" failures="0" tests="0" time="0.019" errors="0" timestamp="2024-09-27T19:56:17 IST">
  <testcase classname="testGroup.AmazonLoginTest2" name="displayResults" time="0.0">
    <ignored/>
  </testcase> <!-- displayResults -->
  <testcase classname="testGroup.AmazonLoginTest2" name="amazonLogin" time="0.0">
    <ignored/>
  </testcase> <!-- amazonLogin -->
</testsuite>
