<?xml version="1.0" encoding="UTF-8"?>
<!-- Generated by org.testng.reporters.JUnitXMLReporter -->
<testsuite ignored="0" hostname="Aparna" failures="0" tests="4" name="Login1" time="12.281" errors="0" timestamp="2024-09-30T18:36:37 IST">
  <testcase classname="testGroup.AmazonLoginTest" name="amazonLogin" time="11.267"/>
  <testcase classname="testGroup.AmazonLoginTest" name="displayResults" time="0.051">
    <skipped/>
  </testcase> <!-- displayResults -->
  <testcase classname="testGroup.AmazonLoginTest" name="displayResults" time="0.015">
    <skipped/>
  </testcase> <!-- displayResults -->
  <testcase classname="testGroup.AmazonLoginTest" name="displayResults" time="0.009">
    <skipped/>
  </testcase> <!-- displayResults -->
</testsuite> <!-- Login1 -->
