<?xml version="1.0" encoding="UTF-8"?>
<testng-results ignored="0" total="0" passed="0" failed="0" skipped="0">
  <reporter-output>
  </reporter-output>
  <suite started-at="2024-09-30T18:36:38 IST" name="Suite" finished-at="2024-09-30T18:36:38 IST" duration-ms="0">
    <groups>
      <group name="ProductSearch">
        <method signature="AmazonLoginTest.amazonLogin(java.lang.String,java.lang.String,java.lang.String)[pri:0, instance:testGroup.AmazonLoginTest@49cb9cb5]" name="amazonLogin" class="testGroup.AmazonLoginTest"/>
        <method signature="AmazonLoginTest.displayResults()[pri:0, instance:testGroup.AmazonLoginTest@49cb9cb5]" name="displayResults" class="testGroup.AmazonLoginTest"/>
      </group> <!-- ProductSearch -->
    </groups>
  </suite> <!-- Suite -->
</testng-results>
